<?xml version="1.0" encoding="UTF-8"?>
<!-- Generated by org.testng.reporters.JUnitReportReporter -->
<testsuite skipped="0" hostname="SATWADDE" name="com.flipkart.testRunner.Flipkart_TestRunner" tests="1" failures="0" timestamp="03 Nov 2020 11:14:22 GMT" time="80.756" errors="0">
  <testcase name="feature" time="80.756" classname="com.flipkart.testRunner.Flipkart_TestRunner"/>
</testsuite> <!-- com.flipkart.testRunner.Flipkart_TestRunner -->
